============================================================
  Generated by:           Genus(TM) Synthesis Solution GENUS15.20 - 15.20-p004_1
  Generated on:           Nov 25 2025  02:44:13 am
  Module:                 wrapper_processor
  Interconnect mode:      global
  Area mode:              timing library
============================================================

                                                       
              Gate               Instances     Area                 Library             
----------------------------------------------------------------------------------------
sky130_fd_sc_hd__a2111o_1               37     416.650    sky130_fd_sc_hd__tt_025C_1v80 
sky130_fd_sc_hd__a2111o_2                1      12.512    sky130_fd_sc_hd__tt_025C_1v80 
sky130_fd_sc_hd__a2111oi_0             284    2487.386    sky130_fd_sc_hd__tt_025C_1v80 
sky130_fd_sc_hd__a2111oi_1              10     100.096    sky130_fd_sc_hd__tt_025C_1v80 
sky130_fd_sc_hd__a2111oi_2               5      75.072    sky130_fd_sc_hd__tt_025C_1v80 
sky130_fd_sc_hd__a2111oi_4               1      27.526    sky130_fd_sc_hd__tt_025C_1v80 
sky130_fd_sc_hd__a211o_1               199    1742.922    sky130_fd_sc_hd__tt_025C_1v80 
sky130_fd_sc_hd__a211oi_1               46     345.331    sky130_fd_sc_hd__tt_025C_1v80 
sky130_fd_sc_hd__a21bo_1                28     280.269    sky130_fd_sc_hd__tt_025C_1v80 
sky130_fd_sc_hd__a21bo_2                 3      30.029    sky130_fd_sc_hd__tt_025C_1v80 
sky130_fd_sc_hd__a21bo_4                 2      32.531    sky130_fd_sc_hd__tt_025C_1v80 
sky130_fd_sc_hd__a21boi_1               24     180.173    sky130_fd_sc_hd__tt_025C_1v80 
sky130_fd_sc_hd__a21boi_2                3      33.782    sky130_fd_sc_hd__tt_025C_1v80 
sky130_fd_sc_hd__a21o_1                227    1704.134    sky130_fd_sc_hd__tt_025C_1v80 
sky130_fd_sc_hd__a21o_2                  2      17.517    sky130_fd_sc_hd__tt_025C_1v80 
sky130_fd_sc_hd__a21o_4                  2      30.029    sky130_fd_sc_hd__tt_025C_1v80 
sky130_fd_sc_hd__a21oi_1               732    3663.514    sky130_fd_sc_hd__tt_025C_1v80 
sky130_fd_sc_hd__a21oi_2                 6      52.550    sky130_fd_sc_hd__tt_025C_1v80 
sky130_fd_sc_hd__a221o_1               888    8888.525    sky130_fd_sc_hd__tt_025C_1v80 
sky130_fd_sc_hd__a221o_2                 2      22.522    sky130_fd_sc_hd__tt_025C_1v80 
sky130_fd_sc_hd__a221o_4                 1      21.270    sky130_fd_sc_hd__tt_025C_1v80 
sky130_fd_sc_hd__a221oi_1             3657   32029.469    sky130_fd_sc_hd__tt_025C_1v80 
sky130_fd_sc_hd__a221oi_2                4      60.058    sky130_fd_sc_hd__tt_025C_1v80 
sky130_fd_sc_hd__a222oi_1             7808   78154.957    sky130_fd_sc_hd__tt_025C_1v80 
sky130_fd_sc_hd__a22o_1               4890   42828.576    sky130_fd_sc_hd__tt_025C_1v80 
sky130_fd_sc_hd__a22o_2                 11     110.106    sky130_fd_sc_hd__tt_025C_1v80 
sky130_fd_sc_hd__a22o_4                  1      17.517    sky130_fd_sc_hd__tt_025C_1v80 
sky130_fd_sc_hd__a22oi_1              3327   24976.454    sky130_fd_sc_hd__tt_025C_1v80 
sky130_fd_sc_hd__a22oi_2                 1      12.512    sky130_fd_sc_hd__tt_025C_1v80 
sky130_fd_sc_hd__a2bb2o_1                2      20.019    sky130_fd_sc_hd__tt_025C_1v80 
sky130_fd_sc_hd__a2bb2o_2                2      22.522    sky130_fd_sc_hd__tt_025C_1v80 
sky130_fd_sc_hd__a2bb2oi_1             105     919.632    sky130_fd_sc_hd__tt_025C_1v80 
sky130_fd_sc_hd__a2bb2oi_2               1      15.014    sky130_fd_sc_hd__tt_025C_1v80 
sky130_fd_sc_hd__a311o_1                 2      20.019    sky130_fd_sc_hd__tt_025C_1v80 
sky130_fd_sc_hd__a31o_1                  3      26.275    sky130_fd_sc_hd__tt_025C_1v80 
sky130_fd_sc_hd__a31o_2                  1       8.758    sky130_fd_sc_hd__tt_025C_1v80 
sky130_fd_sc_hd__a31oi_1                37     231.472    sky130_fd_sc_hd__tt_025C_1v80 
sky130_fd_sc_hd__a32o_1                  5      50.048    sky130_fd_sc_hd__tt_025C_1v80 
sky130_fd_sc_hd__a32oi_1                18     157.651    sky130_fd_sc_hd__tt_025C_1v80 
sky130_fd_sc_hd__a41o_1                 22     220.211    sky130_fd_sc_hd__tt_025C_1v80 
sky130_fd_sc_hd__a41oi_1               799    6997.962    sky130_fd_sc_hd__tt_025C_1v80 
sky130_fd_sc_hd__and2_0                117     731.952    sky130_fd_sc_hd__tt_025C_1v80 
sky130_fd_sc_hd__and2_1                260    1626.560    sky130_fd_sc_hd__tt_025C_1v80 
sky130_fd_sc_hd__and2_2                 49     367.853    sky130_fd_sc_hd__tt_025C_1v80 
sky130_fd_sc_hd__and2_4                 20     175.168    sky130_fd_sc_hd__tt_025C_1v80 
sky130_fd_sc_hd__and2b_1                58     435.418    sky130_fd_sc_hd__tt_025C_1v80 
sky130_fd_sc_hd__and2b_2                 1       8.758    sky130_fd_sc_hd__tt_025C_1v80 
sky130_fd_sc_hd__and2b_4                23     230.221    sky130_fd_sc_hd__tt_025C_1v80 
sky130_fd_sc_hd__and3_1                 27     168.912    sky130_fd_sc_hd__tt_025C_1v80 
sky130_fd_sc_hd__and3_2                  2      15.014    sky130_fd_sc_hd__tt_025C_1v80 
sky130_fd_sc_hd__and3_4                  4      45.043    sky130_fd_sc_hd__tt_025C_1v80 
sky130_fd_sc_hd__and3b_1                31     271.510    sky130_fd_sc_hd__tt_025C_1v80 
sky130_fd_sc_hd__and3b_2                 4      40.038    sky130_fd_sc_hd__tt_025C_1v80 
sky130_fd_sc_hd__and3b_4                 2      25.024    sky130_fd_sc_hd__tt_025C_1v80 
sky130_fd_sc_hd__and4_1                 35     306.544    sky130_fd_sc_hd__tt_025C_1v80 
sky130_fd_sc_hd__and4_2                  3      30.029    sky130_fd_sc_hd__tt_025C_1v80 
sky130_fd_sc_hd__and4_4                  3      33.782    sky130_fd_sc_hd__tt_025C_1v80 
sky130_fd_sc_hd__and4b_1                14     140.134    sky130_fd_sc_hd__tt_025C_1v80 
sky130_fd_sc_hd__and4bb_1                3      37.536    sky130_fd_sc_hd__tt_025C_1v80 
sky130_fd_sc_hd__and4bb_2                2      25.024    sky130_fd_sc_hd__tt_025C_1v80 
sky130_fd_sc_hd__buf_1                  72     270.259    sky130_fd_sc_hd__tt_025C_1v80 
sky130_fd_sc_hd__buf_12                 37     740.710    sky130_fd_sc_hd__tt_025C_1v80 
sky130_fd_sc_hd__buf_16                 12     330.317    sky130_fd_sc_hd__tt_025C_1v80 
sky130_fd_sc_hd__buf_2                  17      85.082    sky130_fd_sc_hd__tt_025C_1v80 
sky130_fd_sc_hd__buf_4                  63     472.954    sky130_fd_sc_hd__tt_025C_1v80 
sky130_fd_sc_hd__buf_6                  32     360.346    sky130_fd_sc_hd__tt_025C_1v80 
sky130_fd_sc_hd__buf_8                   4      60.058    sky130_fd_sc_hd__tt_025C_1v80 
sky130_fd_sc_hd__bufbuf_8                1      18.768    sky130_fd_sc_hd__tt_025C_1v80 
sky130_fd_sc_hd__bufinv_16              11     330.317    sky130_fd_sc_hd__tt_025C_1v80 
sky130_fd_sc_hd__clkbuf_1               10      37.536    sky130_fd_sc_hd__tt_025C_1v80 
sky130_fd_sc_hd__clkbuf_16               2      50.048    sky130_fd_sc_hd__tt_025C_1v80 
sky130_fd_sc_hd__clkbuf_2               51     255.245    sky130_fd_sc_hd__tt_025C_1v80 
sky130_fd_sc_hd__clkbuf_8                2      27.526    sky130_fd_sc_hd__tt_025C_1v80 
sky130_fd_sc_hd__clkinv_1              130     487.968    sky130_fd_sc_hd__tt_025C_1v80 
sky130_fd_sc_hd__clkinv_16               3      90.086    sky130_fd_sc_hd__tt_025C_1v80 
sky130_fd_sc_hd__clkinv_2               22     110.106    sky130_fd_sc_hd__tt_025C_1v80 
sky130_fd_sc_hd__clkinv_4                2      17.517    sky130_fd_sc_hd__tt_025C_1v80 
sky130_fd_sc_hd__clkinv_8                2      32.531    sky130_fd_sc_hd__tt_025C_1v80 
sky130_fd_sc_hd__clkinvlp_4              1       7.507    sky130_fd_sc_hd__tt_025C_1v80 
sky130_fd_sc_hd__dfrbp_1                15     431.664    sky130_fd_sc_hd__tt_025C_1v80 
sky130_fd_sc_hd__dfrtp_1               535   13387.840    sky130_fd_sc_hd__tt_025C_1v80 
sky130_fd_sc_hd__dfrtp_2                 2      52.550    sky130_fd_sc_hd__tt_025C_1v80 
sky130_fd_sc_hd__dfstp_1                 1      26.275    sky130_fd_sc_hd__tt_025C_1v80 
sky130_fd_sc_hd__dfstp_2                43    1129.834    sky130_fd_sc_hd__tt_025C_1v80 
sky130_fd_sc_hd__dfxbp_1                 1      23.773    sky130_fd_sc_hd__tt_025C_1v80 
sky130_fd_sc_hd__dfxtp_1              3070   61458.941    sky130_fd_sc_hd__tt_025C_1v80 
sky130_fd_sc_hd__dfxtp_2                 9     191.434    sky130_fd_sc_hd__tt_025C_1v80 
sky130_fd_sc_hd__dlxtn_1                10     150.144    sky130_fd_sc_hd__tt_025C_1v80 
sky130_fd_sc_hd__dlxtp_1              2080   31229.952    sky130_fd_sc_hd__tt_025C_1v80 
sky130_fd_sc_hd__dlymetal6s6s_1          1      12.512    sky130_fd_sc_hd__tt_025C_1v80 
sky130_fd_sc_hd__fa_1                    1      20.019    sky130_fd_sc_hd__tt_025C_1v80 
sky130_fd_sc_hd__ha_1                  199    2489.888    sky130_fd_sc_hd__tt_025C_1v80 
sky130_fd_sc_hd__ha_2                    1      15.014    sky130_fd_sc_hd__tt_025C_1v80 
sky130_fd_sc_hd__inv_1                 370    1388.832    sky130_fd_sc_hd__tt_025C_1v80 
sky130_fd_sc_hd__inv_12                 25     406.640    sky130_fd_sc_hd__tt_025C_1v80 
sky130_fd_sc_hd__inv_16                 11     220.211    sky130_fd_sc_hd__tt_025C_1v80 
sky130_fd_sc_hd__inv_2                 866    3250.618    sky130_fd_sc_hd__tt_025C_1v80 
sky130_fd_sc_hd__inv_4                  20     125.120    sky130_fd_sc_hd__tt_025C_1v80 
sky130_fd_sc_hd__inv_6                  10      87.584    sky130_fd_sc_hd__tt_025C_1v80 
sky130_fd_sc_hd__inv_8                   7      78.826    sky130_fd_sc_hd__tt_025C_1v80 
sky130_fd_sc_hd__mux2_1               3964   44637.811    sky130_fd_sc_hd__tt_025C_1v80 
sky130_fd_sc_hd__mux2_2               2097   23613.898    sky130_fd_sc_hd__tt_025C_1v80 
sky130_fd_sc_hd__mux2_4                  9     135.130    sky130_fd_sc_hd__tt_025C_1v80 
sky130_fd_sc_hd__mux2i_1               129    1291.238    sky130_fd_sc_hd__tt_025C_1v80 
sky130_fd_sc_hd__mux4_2               2546   57339.996    sky130_fd_sc_hd__tt_025C_1v80 
sky130_fd_sc_hd__nand2_1              2908   10915.469    sky130_fd_sc_hd__tt_025C_1v80 
sky130_fd_sc_hd__nand2_2                46     287.776    sky130_fd_sc_hd__tt_025C_1v80 
sky130_fd_sc_hd__nand2_4                16     180.173    sky130_fd_sc_hd__tt_025C_1v80 
sky130_fd_sc_hd__nand2_8                17     340.326    sky130_fd_sc_hd__tt_025C_1v80 
sky130_fd_sc_hd__nand2b_1              252    1576.512    sky130_fd_sc_hd__tt_025C_1v80 
sky130_fd_sc_hd__nand2b_2               10      87.584    sky130_fd_sc_hd__tt_025C_1v80 
sky130_fd_sc_hd__nand2b_4                2      27.526    sky130_fd_sc_hd__tt_025C_1v80 
sky130_fd_sc_hd__nand3_1               180     900.864    sky130_fd_sc_hd__tt_025C_1v80 
sky130_fd_sc_hd__nand3_2                11     110.106    sky130_fd_sc_hd__tt_025C_1v80 
sky130_fd_sc_hd__nand3_4                 4      70.067    sky130_fd_sc_hd__tt_025C_1v80 
sky130_fd_sc_hd__nand3b_1               38     285.274    sky130_fd_sc_hd__tt_025C_1v80 
sky130_fd_sc_hd__nand3b_2                2      22.522    sky130_fd_sc_hd__tt_025C_1v80 
sky130_fd_sc_hd__nand3b_4                2      40.038    sky130_fd_sc_hd__tt_025C_1v80 
sky130_fd_sc_hd__nand4_1               725    4535.600    sky130_fd_sc_hd__tt_025C_1v80 
sky130_fd_sc_hd__nand4b_1               27     236.477    sky130_fd_sc_hd__tt_025C_1v80 
sky130_fd_sc_hd__nand4b_2                1      15.014    sky130_fd_sc_hd__tt_025C_1v80 
sky130_fd_sc_hd__nand4bb_1               5      56.304    sky130_fd_sc_hd__tt_025C_1v80 
sky130_fd_sc_hd__nor2_1               1781    6685.162    sky130_fd_sc_hd__tt_025C_1v80 
sky130_fd_sc_hd__nor2_2                 51     319.056    sky130_fd_sc_hd__tt_025C_1v80 
sky130_fd_sc_hd__nor2_4                  8      90.086    sky130_fd_sc_hd__tt_025C_1v80 
sky130_fd_sc_hd__nor2_8                  2      40.038    sky130_fd_sc_hd__tt_025C_1v80 
sky130_fd_sc_hd__nor2b_1               411    2571.216    sky130_fd_sc_hd__tt_025C_1v80 
sky130_fd_sc_hd__nor2b_2                 1       8.758    sky130_fd_sc_hd__tt_025C_1v80 
sky130_fd_sc_hd__nor3_1                 78     390.374    sky130_fd_sc_hd__tt_025C_1v80 
sky130_fd_sc_hd__nor3_2                  2      20.019    sky130_fd_sc_hd__tt_025C_1v80 
sky130_fd_sc_hd__nor3b_1                29     217.709    sky130_fd_sc_hd__tt_025C_1v80 
sky130_fd_sc_hd__nor3b_2                 1      12.512    sky130_fd_sc_hd__tt_025C_1v80 
sky130_fd_sc_hd__nor4_1                370    2314.720    sky130_fd_sc_hd__tt_025C_1v80 
sky130_fd_sc_hd__nor4_2                  2      25.024    sky130_fd_sc_hd__tt_025C_1v80 
sky130_fd_sc_hd__nor4_4                  1      21.270    sky130_fd_sc_hd__tt_025C_1v80 
sky130_fd_sc_hd__nor4b_1                 8      70.067    sky130_fd_sc_hd__tt_025C_1v80 
sky130_fd_sc_hd__nor4bb_1                4      40.038    sky130_fd_sc_hd__tt_025C_1v80 
sky130_fd_sc_hd__o2111a_1               22     247.738    sky130_fd_sc_hd__tt_025C_1v80 
sky130_fd_sc_hd__o2111a_2                3      37.536    sky130_fd_sc_hd__tt_025C_1v80 
sky130_fd_sc_hd__o2111ai_1             125    1094.800    sky130_fd_sc_hd__tt_025C_1v80 
sky130_fd_sc_hd__o211a_1                12     120.115    sky130_fd_sc_hd__tt_025C_1v80 
sky130_fd_sc_hd__o211a_2                 4      40.038    sky130_fd_sc_hd__tt_025C_1v80 
sky130_fd_sc_hd__o211a_4                 1      17.517    sky130_fd_sc_hd__tt_025C_1v80 
sky130_fd_sc_hd__o211ai_1              406    3047.923    sky130_fd_sc_hd__tt_025C_1v80 
sky130_fd_sc_hd__o211ai_2                4      50.048    sky130_fd_sc_hd__tt_025C_1v80 
sky130_fd_sc_hd__o211ai_4                2      42.541    sky130_fd_sc_hd__tt_025C_1v80 
sky130_fd_sc_hd__o21a_1                 44     330.317    sky130_fd_sc_hd__tt_025C_1v80 
sky130_fd_sc_hd__o21a_2                  8      70.067    sky130_fd_sc_hd__tt_025C_1v80 
sky130_fd_sc_hd__o21a_4                  1      15.014    sky130_fd_sc_hd__tt_025C_1v80 
sky130_fd_sc_hd__o21ai_0                12      60.058    sky130_fd_sc_hd__tt_025C_1v80 
sky130_fd_sc_hd__o21ai_1               291    1456.397    sky130_fd_sc_hd__tt_025C_1v80 
sky130_fd_sc_hd__o21ai_2                 4      35.034    sky130_fd_sc_hd__tt_025C_1v80 
sky130_fd_sc_hd__o21ai_4                 1      16.266    sky130_fd_sc_hd__tt_025C_1v80 
sky130_fd_sc_hd__o21ba_1                13     130.125    sky130_fd_sc_hd__tt_025C_1v80 
sky130_fd_sc_hd__o21ba_2                 1      10.010    sky130_fd_sc_hd__tt_025C_1v80 
sky130_fd_sc_hd__o21bai_1               14     105.101    sky130_fd_sc_hd__tt_025C_1v80 
sky130_fd_sc_hd__o221a_1                10     112.608    sky130_fd_sc_hd__tt_025C_1v80 
sky130_fd_sc_hd__o221a_2                42     472.954    sky130_fd_sc_hd__tt_025C_1v80 
sky130_fd_sc_hd__o221ai_1             3415   29909.936    sky130_fd_sc_hd__tt_025C_1v80 
sky130_fd_sc_hd__o221ai_2                4      60.058    sky130_fd_sc_hd__tt_025C_1v80 
sky130_fd_sc_hd__o22a_1                808    7076.787    sky130_fd_sc_hd__tt_025C_1v80 
sky130_fd_sc_hd__o22ai_1              1593    9965.808    sky130_fd_sc_hd__tt_025C_1v80 
sky130_fd_sc_hd__o2bb2a_1                2      20.019    sky130_fd_sc_hd__tt_025C_1v80 
sky130_fd_sc_hd__o2bb2ai_1             362    3170.541    sky130_fd_sc_hd__tt_025C_1v80 
sky130_fd_sc_hd__o2bb2ai_2               1      15.014    sky130_fd_sc_hd__tt_025C_1v80 
sky130_fd_sc_hd__o311a_1                 2      20.019    sky130_fd_sc_hd__tt_025C_1v80 
sky130_fd_sc_hd__o311ai_1                2      17.517    sky130_fd_sc_hd__tt_025C_1v80 
sky130_fd_sc_hd__o31a_1                 16     140.134    sky130_fd_sc_hd__tt_025C_1v80 
sky130_fd_sc_hd__o31ai_1                56     420.403    sky130_fd_sc_hd__tt_025C_1v80 
sky130_fd_sc_hd__o31ai_2                 1      12.512    sky130_fd_sc_hd__tt_025C_1v80 
sky130_fd_sc_hd__o32a_1                  1      10.010    sky130_fd_sc_hd__tt_025C_1v80 
sky130_fd_sc_hd__o32ai_1                 5      43.792    sky130_fd_sc_hd__tt_025C_1v80 
sky130_fd_sc_hd__o41ai_1                 7      61.309    sky130_fd_sc_hd__tt_025C_1v80 
sky130_fd_sc_hd__o41ai_2                 1      16.266    sky130_fd_sc_hd__tt_025C_1v80 
sky130_fd_sc_hd__or2_0                  12      75.072    sky130_fd_sc_hd__tt_025C_1v80 
sky130_fd_sc_hd__or2_1                  76     475.456    sky130_fd_sc_hd__tt_025C_1v80 
sky130_fd_sc_hd__or2_2                  95     594.320    sky130_fd_sc_hd__tt_025C_1v80 
sky130_fd_sc_hd__or2_4                  13     113.859    sky130_fd_sc_hd__tt_025C_1v80 
sky130_fd_sc_hd__or2b_1                  1       7.507    sky130_fd_sc_hd__tt_025C_1v80 
sky130_fd_sc_hd__or2b_2                  6      52.550    sky130_fd_sc_hd__tt_025C_1v80 
sky130_fd_sc_hd__or2b_4                  2      22.522    sky130_fd_sc_hd__tt_025C_1v80 
sky130_fd_sc_hd__or3_1                  84     525.504    sky130_fd_sc_hd__tt_025C_1v80 
sky130_fd_sc_hd__or3_2                   3      22.522    sky130_fd_sc_hd__tt_025C_1v80 
sky130_fd_sc_hd__or3_4                   1      11.261    sky130_fd_sc_hd__tt_025C_1v80 
sky130_fd_sc_hd__or3b_1                  5      43.792    sky130_fd_sc_hd__tt_025C_1v80 
sky130_fd_sc_hd__or3b_2                  2      17.517    sky130_fd_sc_hd__tt_025C_1v80 
sky130_fd_sc_hd__or3b_4                  5      56.304    sky130_fd_sc_hd__tt_025C_1v80 
sky130_fd_sc_hd__or4_1                 123     923.386    sky130_fd_sc_hd__tt_025C_1v80 
sky130_fd_sc_hd__or4_4                  22     247.738    sky130_fd_sc_hd__tt_025C_1v80 
sky130_fd_sc_hd__or4b_1                  1      10.010    sky130_fd_sc_hd__tt_025C_1v80 
sky130_fd_sc_hd__or4b_2                224    2242.150    sky130_fd_sc_hd__tt_025C_1v80 
sky130_fd_sc_hd__sdfrtp_1             4854  151833.125    sky130_fd_sc_hd__tt_025C_1v80 
sky130_fd_sc_hd__sdfrtp_2                1      32.531    sky130_fd_sc_hd__tt_025C_1v80 
sky130_fd_sc_hd__sdfstp_1                6     202.694    sky130_fd_sc_hd__tt_025C_1v80 
sky130_fd_sc_hd__sdfxtp_1              346    9091.219    sky130_fd_sc_hd__tt_025C_1v80 
sky130_fd_sc_hd__xnor2_1               135    1182.384    sky130_fd_sc_hd__tt_025C_1v80 
sky130_fd_sc_hd__xnor2_2                 4      65.062    sky130_fd_sc_hd__tt_025C_1v80 
sky130_fd_sc_hd__xor2_1                103     902.115    sky130_fd_sc_hd__tt_025C_1v80 
sky130_fd_sc_hd__xor2_2                  1      16.266    sky130_fd_sc_hd__tt_025C_1v80 
----------------------------------------------------------------------------------------
total                                60769  718491.595                                  


                                       
   Type    Instances    Area    Area % 
---------------------------------------
sequential     10973 269241.976   37.5 
inverter        1480   6633.862    0.9 
buffer           304   2721.360    0.4 
logic          48012 439894.396   61.2 
---------------------------------------
total          60769 718491.595  100.0 

