============================================================
  Generated by:           Genus(TM) Synthesis Solution GENUS15.20 - 15.20-p004_1
  Generated on:           Nov 25 2025  02:44:20 am
  Module:                 wrapper_processor
  Interconnect mode:      global
  Area mode:              timing library
============================================================

                             Leakage     Dynamic        Total     
       Instance       Cells Power(nW)   Power(nW)     Power(nW)   
------------------------------------------------------------------
wrapper_processor     60769   268.007 145257858.954 145258126.961 
  dut                 60581   266.038 141124911.254 141125177.292 
    CPU               58629   254.462 133849618.382 133849872.844 
      lsu             24029    82.935  62974992.204  62975075.139 
      bp               6679    72.150   4079811.444   4079883.594 
      IMEM            20541    60.742  32005596.719  32005657.461 
      regfile          2420    17.308  12764942.618  12764959.926 
      ID_EX             467     2.720   2881993.996   2881996.716 
      CSR               578     2.596   1491105.296   1491107.892 
      AM                411     1.943    882205.582    882207.524 
      PCNEXT            265     1.444    627968.973    627970.417 
      IF_ID             199     1.277    986034.533    986035.811 
      EX_MEM            156     1.266   2201418.738   2201420.004 
      MEM_WB            110     1.003   1227661.338   1227662.342 
      pc_intr            71     0.621    420313.650    420314.271 
      PC                 33     0.492    508580.677    508581.169 
      MC                 34     0.114     81698.990     81699.103 
    uart                866     4.795   3426169.651   3426174.446 
      uart_rx           499     2.772   2186060.156   2186062.929 
      apb_interface     156     0.895    496793.597    496794.492 
      bclk_gen          110     0.581    364346.774    364347.356 
      uart_tx           101     0.546    378969.124    378969.671 
    plic                574     3.786   1948506.751   1948510.537 
      apb_protocol      405     3.021   1399901.733   1399904.754 
      prio_deter        125     0.525    384934.633    384935.159 
      int_sense          44     0.239    163670.385    163670.624 
        IRQ1_detector     4     0.019      8321.963      8321.982 
        IRQ0_detector     4     0.019      8321.963      8321.982 
        IRQ3_detector     4     0.019      8321.963      8321.982 
        IRQ2_detector     4     0.019      8321.963      8321.982 
        IRQ4_detector     4     0.018     15662.065     15662.084 
        IRQ5_detector     0     0.000         0.000         0.000 
        IRQ6_detector     0     0.000         0.000         0.000 
        IRQ7_detector     0     0.000         0.000         0.000 
    timer               508     2.976   1896059.824   1896062.801 
      counter_module    269     1.565   1071933.588   1071935.154 
      reg_control       176     1.249    754767.879    754769.128 
      sys_clk            12     0.088     37259.323     37259.411 
      compare_module     50     0.067     32099.035     32099.102 

