============================================================
  Generated by:           Genus(TM) Synthesis Solution GENUS15.20 - 15.20-p004_1
  Generated on:           Nov 25 2025  02:44:14 am
  Module:                 wrapper_processor
  Interconnect mode:      global
  Area mode:              timing library
============================================================

Timing
--------

Clock Period 
-------------
clk   6667.0 


  Cost    Critical       Violating 
 Group   Path Slack TNS    Paths   
-----------------------------------
default         0.1   0          0 
-----------------------------------
Total                 0          0 

Instance Count
--------------
Leaf Instance Count             60769 
Sequential Instance Count       10973 
Combinational Instance Count    49796 
Hierarchical Instance Count        38 

Area
----
Cell Area                          718491.595
Physical Cell Area                 0.000
Total Cell Area (Cell+Physical)    718491.595
Net Area                           422087.113
Total Area (Cell+Physical+Net)     1140578.708

Max Fanout                         3712 (dut/CPU/bp/n_514)
Min Fanout                         0 (dut/CPU/EX_MEM/i_insn_vld)
Average Fanout                     2.6
Terms to net ratio                 3.2
Terms to instance ratio            5.0
Runtime                            42392.196 seconds
Elapsed Runtime                    94560 seconds
RC peak memory usage:              906.87 
EDI peak memory usage:             no_value 
Hostname                           centos7
