============================================================
  Generated by:           Genus(TM) Synthesis Solution GENUS15.20 - 15.20-p004_1
  Generated on:           Nov 25 2025  02:44:10 am
  Module:                 wrapper_processor
  Interconnect mode:      global
  Area mode:              timing library
============================================================


Path 1: MET (0 ps) Setup Check with Pin dut/CPU/lsu/mem_reg[166][7]/CLK->D
     Startpoint: (R) dut/CPU/EX_MEM/o_alu_data_reg[0]/CLK
          Clock: (R) clk
       Endpoint: (R) dut/CPU/lsu/mem_reg[166][7]/D
          Clock: (R) clk

                     Capture       Launch     
        Clock Edge:+    6667            0     
       Src Latency:+       0            0     
       Net Latency:+       0 (I)        0 (I) 
           Arrival:=    6667            0     
                                              
             Setup:-     123                  
       Uncertainty:-      67                  
     Required Time:=    6477                  
      Launch Clock:-       0                  
         Data Path:-    6477                  
             Slack:=       0                  

#------------------------------------------------------------------------------------------------------------------------------------------
#                      Timing Point                        Flags    Arc    Edge           Cell             Fanout Load Trans Delay Arrival 
#                                                                                                                 (fF)  (ps)  (ps)   (ps)  
#------------------------------------------------------------------------------------------------------------------------------------------
  dut/CPU/EX_MEM/o_alu_data_reg[0]/CLK                     -       -       R     (arrival)                   2610    -     0     -       0 
  dut/CPU/EX_MEM/o_alu_data_reg[0]/Q                       -       CLK->Q  F     sky130_fd_sc_hd__dfxtp_2       5 17.4    55   321     321 
  dut/CPU/lsu/csa_tree_sub_391_38_rm_assigns_buf_out_0_0/X (p)     A->X    F     sky130_fd_sc_hd__buf_1         8 24.4   144   185     506 
  dut/CPU/lsu/g151403/X                                    -       A->X    F     sky130_fd_sc_hd__clkbuf_1      7 23.9   141   221     727 
  dut/CPU/lsu/inc_add_399_31_11_g215/X                     -       B->X    F     sky130_fd_sc_hd__and2_1        1  4.1    42   201     928 
  dut/CPU/lsu/inc_add_399_31_11_g213/COUT                  -       B->COUT F     sky130_fd_sc_hd__ha_1          1  4.1    49   179    1107 
  dut/CPU/lsu/inc_add_399_31_11_g212/COUT                  -       B->COUT F     sky130_fd_sc_hd__ha_1          1  4.1    49   182    1289 
  dut/CPU/lsu/inc_add_399_31_11_g211/COUT                  -       B->COUT F     sky130_fd_sc_hd__ha_1          1  4.1    50   182    1471 
  dut/CPU/lsu/inc_add_399_31_11_g210/COUT                  -       B->COUT F     sky130_fd_sc_hd__ha_1          1  4.1    49   182    1653 
  dut/CPU/lsu/inc_add_399_31_11_g209/COUT                  -       B->COUT F     sky130_fd_sc_hd__ha_1          1  4.1    49   182    1835 
  dut/CPU/lsu/inc_add_399_31_11_g208/COUT                  -       B->COUT F     sky130_fd_sc_hd__ha_1          1  4.1    49   182    2017 
  dut/CPU/lsu/inc_add_399_31_11_g207/COUT                  -       B->COUT F     sky130_fd_sc_hd__ha_1          1  4.1    49   182    2199 
  dut/CPU/lsu/inc_add_399_31_11_g206/COUT                  -       B->COUT F     sky130_fd_sc_hd__ha_1          1  4.1    49   182    2381 
  dut/CPU/lsu/inc_add_399_31_11_g205/COUT                  -       B->COUT F     sky130_fd_sc_hd__ha_1          1  4.1    49   182    2563 
  dut/CPU/lsu/inc_add_399_31_11_g204/COUT                  -       B->COUT F     sky130_fd_sc_hd__ha_1          1  4.1    49   182    2745 
  dut/CPU/lsu/inc_add_399_31_11_g203/COUT                  -       B->COUT F     sky130_fd_sc_hd__ha_1          1  4.1    49   182    2927 
  dut/CPU/lsu/inc_add_399_31_11_g202/COUT                  -       B->COUT F     sky130_fd_sc_hd__ha_1          1  4.1    49   182    3109 
  dut/CPU/lsu/inc_add_399_31_11_g201/COUT                  -       B->COUT F     sky130_fd_sc_hd__ha_1          1  4.1    49   182    3291 
  dut/CPU/lsu/inc_add_399_31_11_g200/SUM                   -       B->SUM  F     sky130_fd_sc_hd__ha_1          1  3.5    57   272    3564 
  dut/CPU/lsu/g359497/Y                                    -       C->Y    R     sky130_fd_sc_hd__nor3_1        4  9.1   317   256    3820 
  dut/CPU/lsu/g359383/X                                    -       B->X    R     sky130_fd_sc_hd__and3b_1       4  9.2   110   256    4076 
  dut/CPU/lsu/g359105/X                                    -       A->X    R     sky130_fd_sc_hd__and2_0       27 84.1  1158   905    4981 
  dut/CPU/lsu/g355862/Y                                    -       C1->Y   F     sky130_fd_sc_hd__a222oi_1      9 24.3   401   440    5422 
  dut/CPU/lsu/g362873/X                                    -       C->X    F     sky130_fd_sc_hd__or4b_2        8 23.1   174   834    6256 
  dut/CPU/lsu/g352611/Y                                    -       A2->Y   R     sky130_fd_sc_hd__o221ai_1      1  3.0   311   221    6477 
  dut/CPU/lsu/mem_reg[166][7]/D                            -       -       R     sky130_fd_sc_hd__dfxtp_1       1    -     -     0    6477 
#------------------------------------------------------------------------------------------------------------------------------------------

(p) : Instance is preserved but may be resized



Path 2: MET (0 ps) Setup Check with Pin dut/CPU/lsu/mem_reg[166][4]/CLK->D
     Startpoint: (R) dut/CPU/EX_MEM/o_alu_data_reg[0]/CLK
          Clock: (R) clk
       Endpoint: (R) dut/CPU/lsu/mem_reg[166][4]/D
          Clock: (R) clk

                     Capture       Launch     
        Clock Edge:+    6667            0     
       Src Latency:+       0            0     
       Net Latency:+       0 (I)        0 (I) 
           Arrival:=    6667            0     
                                              
             Setup:-     123                  
       Uncertainty:-      67                  
     Required Time:=    6477                  
      Launch Clock:-       0                  
         Data Path:-    6477                  
             Slack:=       0                  

#------------------------------------------------------------------------------------------------------------------------------------------
#                      Timing Point                        Flags    Arc    Edge           Cell             Fanout Load Trans Delay Arrival 
#                                                                                                                 (fF)  (ps)  (ps)   (ps)  
#------------------------------------------------------------------------------------------------------------------------------------------
  dut/CPU/EX_MEM/o_alu_data_reg[0]/CLK                     -       -       R     (arrival)                   2610    -     0     -       0 
  dut/CPU/EX_MEM/o_alu_data_reg[0]/Q                       -       CLK->Q  F     sky130_fd_sc_hd__dfxtp_2       5 17.4    55   321     321 
  dut/CPU/lsu/csa_tree_sub_391_38_rm_assigns_buf_out_0_0/X (p)     A->X    F     sky130_fd_sc_hd__buf_1         8 24.4   144   185     506 
  dut/CPU/lsu/g151403/X                                    -       A->X    F     sky130_fd_sc_hd__clkbuf_1      7 23.9   141   221     727 
  dut/CPU/lsu/inc_add_399_31_11_g215/X                     -       B->X    F     sky130_fd_sc_hd__and2_1        1  4.1    42   201     928 
  dut/CPU/lsu/inc_add_399_31_11_g213/COUT                  -       B->COUT F     sky130_fd_sc_hd__ha_1          1  4.1    49   179    1107 
  dut/CPU/lsu/inc_add_399_31_11_g212/COUT                  -       B->COUT F     sky130_fd_sc_hd__ha_1          1  4.1    49   182    1289 
  dut/CPU/lsu/inc_add_399_31_11_g211/COUT                  -       B->COUT F     sky130_fd_sc_hd__ha_1          1  4.1    50   182    1471 
  dut/CPU/lsu/inc_add_399_31_11_g210/COUT                  -       B->COUT F     sky130_fd_sc_hd__ha_1          1  4.1    49   182    1653 
  dut/CPU/lsu/inc_add_399_31_11_g209/COUT                  -       B->COUT F     sky130_fd_sc_hd__ha_1          1  4.1    49   182    1835 
  dut/CPU/lsu/inc_add_399_31_11_g208/COUT                  -       B->COUT F     sky130_fd_sc_hd__ha_1          1  4.1    49   182    2017 
  dut/CPU/lsu/inc_add_399_31_11_g207/COUT                  -       B->COUT F     sky130_fd_sc_hd__ha_1          1  4.1    49   182    2199 
  dut/CPU/lsu/inc_add_399_31_11_g206/COUT                  -       B->COUT F     sky130_fd_sc_hd__ha_1          1  4.1    49   182    2381 
  dut/CPU/lsu/inc_add_399_31_11_g205/COUT                  -       B->COUT F     sky130_fd_sc_hd__ha_1          1  4.1    49   182    2563 
  dut/CPU/lsu/inc_add_399_31_11_g204/COUT                  -       B->COUT F     sky130_fd_sc_hd__ha_1          1  4.1    49   182    2745 
  dut/CPU/lsu/inc_add_399_31_11_g203/COUT                  -       B->COUT F     sky130_fd_sc_hd__ha_1          1  4.1    49   182    2927 
  dut/CPU/lsu/inc_add_399_31_11_g202/COUT                  -       B->COUT F     sky130_fd_sc_hd__ha_1          1  4.1    49   182    3109 
  dut/CPU/lsu/inc_add_399_31_11_g201/COUT                  -       B->COUT F     sky130_fd_sc_hd__ha_1          1  4.1    49   182    3291 
  dut/CPU/lsu/inc_add_399_31_11_g200/SUM                   -       B->SUM  F     sky130_fd_sc_hd__ha_1          1  3.5    57   272    3564 
  dut/CPU/lsu/g359497/Y                                    -       C->Y    R     sky130_fd_sc_hd__nor3_1        4  9.1   317   256    3820 
  dut/CPU/lsu/g359383/X                                    -       B->X    R     sky130_fd_sc_hd__and3b_1       4  9.2   110   256    4076 
  dut/CPU/lsu/g359105/X                                    -       A->X    R     sky130_fd_sc_hd__and2_0       27 84.1  1158   905    4981 
  dut/CPU/lsu/g355862/Y                                    -       C1->Y   F     sky130_fd_sc_hd__a222oi_1      9 24.3   401   440    5422 
  dut/CPU/lsu/g362873/X                                    -       C->X    F     sky130_fd_sc_hd__or4b_2        8 23.1   174   834    6256 
  dut/CPU/lsu/g352601/Y                                    -       A2->Y   R     sky130_fd_sc_hd__o221ai_1      1  3.0   311   221    6477 
  dut/CPU/lsu/mem_reg[166][4]/D                            -       -       R     sky130_fd_sc_hd__dfxtp_1       1    -     -     0    6477 
#------------------------------------------------------------------------------------------------------------------------------------------

(p) : Instance is preserved but may be resized



Path 3: MET (0 ps) Setup Check with Pin dut/CPU/lsu/mem_reg[166][3]/CLK->D
     Startpoint: (R) dut/CPU/EX_MEM/o_alu_data_reg[0]/CLK
          Clock: (R) clk
       Endpoint: (R) dut/CPU/lsu/mem_reg[166][3]/D
          Clock: (R) clk

                     Capture       Launch     
        Clock Edge:+    6667            0     
       Src Latency:+       0            0     
       Net Latency:+       0 (I)        0 (I) 
           Arrival:=    6667            0     
                                              
             Setup:-     123                  
       Uncertainty:-      67                  
     Required Time:=    6477                  
      Launch Clock:-       0                  
         Data Path:-    6477                  
             Slack:=       0                  

#------------------------------------------------------------------------------------------------------------------------------------------
#                      Timing Point                        Flags    Arc    Edge           Cell             Fanout Load Trans Delay Arrival 
#                                                                                                                 (fF)  (ps)  (ps)   (ps)  
#------------------------------------------------------------------------------------------------------------------------------------------
  dut/CPU/EX_MEM/o_alu_data_reg[0]/CLK                     -       -       R     (arrival)                   2610    -     0     -       0 
  dut/CPU/EX_MEM/o_alu_data_reg[0]/Q                       -       CLK->Q  F     sky130_fd_sc_hd__dfxtp_2       5 17.4    55   321     321 
  dut/CPU/lsu/csa_tree_sub_391_38_rm_assigns_buf_out_0_0/X (p)     A->X    F     sky130_fd_sc_hd__buf_1         8 24.4   144   185     506 
  dut/CPU/lsu/g151403/X                                    -       A->X    F     sky130_fd_sc_hd__clkbuf_1      7 23.9   141   221     727 
  dut/CPU/lsu/inc_add_399_31_11_g215/X                     -       B->X    F     sky130_fd_sc_hd__and2_1        1  4.1    42   201     928 
  dut/CPU/lsu/inc_add_399_31_11_g213/COUT                  -       B->COUT F     sky130_fd_sc_hd__ha_1          1  4.1    49   179    1107 
  dut/CPU/lsu/inc_add_399_31_11_g212/COUT                  -       B->COUT F     sky130_fd_sc_hd__ha_1          1  4.1    49   182    1289 
  dut/CPU/lsu/inc_add_399_31_11_g211/COUT                  -       B->COUT F     sky130_fd_sc_hd__ha_1          1  4.1    50   182    1471 
  dut/CPU/lsu/inc_add_399_31_11_g210/COUT                  -       B->COUT F     sky130_fd_sc_hd__ha_1          1  4.1    49   182    1653 
  dut/CPU/lsu/inc_add_399_31_11_g209/COUT                  -       B->COUT F     sky130_fd_sc_hd__ha_1          1  4.1    49   182    1835 
  dut/CPU/lsu/inc_add_399_31_11_g208/COUT                  -       B->COUT F     sky130_fd_sc_hd__ha_1          1  4.1    49   182    2017 
  dut/CPU/lsu/inc_add_399_31_11_g207/COUT                  -       B->COUT F     sky130_fd_sc_hd__ha_1          1  4.1    49   182    2199 
  dut/CPU/lsu/inc_add_399_31_11_g206/COUT                  -       B->COUT F     sky130_fd_sc_hd__ha_1          1  4.1    49   182    2381 
  dut/CPU/lsu/inc_add_399_31_11_g205/COUT                  -       B->COUT F     sky130_fd_sc_hd__ha_1          1  4.1    49   182    2563 
  dut/CPU/lsu/inc_add_399_31_11_g204/COUT                  -       B->COUT F     sky130_fd_sc_hd__ha_1          1  4.1    49   182    2745 
  dut/CPU/lsu/inc_add_399_31_11_g203/COUT                  -       B->COUT F     sky130_fd_sc_hd__ha_1          1  4.1    49   182    2927 
  dut/CPU/lsu/inc_add_399_31_11_g202/COUT                  -       B->COUT F     sky130_fd_sc_hd__ha_1          1  4.1    49   182    3109 
  dut/CPU/lsu/inc_add_399_31_11_g201/COUT                  -       B->COUT F     sky130_fd_sc_hd__ha_1          1  4.1    49   182    3291 
  dut/CPU/lsu/inc_add_399_31_11_g200/SUM                   -       B->SUM  F     sky130_fd_sc_hd__ha_1          1  3.5    57   272    3564 
  dut/CPU/lsu/g359497/Y                                    -       C->Y    R     sky130_fd_sc_hd__nor3_1        4  9.1   317   256    3820 
  dut/CPU/lsu/g359383/X                                    -       B->X    R     sky130_fd_sc_hd__and3b_1       4  9.2   110   256    4076 
  dut/CPU/lsu/g359105/X                                    -       A->X    R     sky130_fd_sc_hd__and2_0       27 84.1  1158   905    4981 
  dut/CPU/lsu/g355862/Y                                    -       C1->Y   F     sky130_fd_sc_hd__a222oi_1      9 24.3   401   440    5422 
  dut/CPU/lsu/g362873/X                                    -       C->X    F     sky130_fd_sc_hd__or4b_2        8 23.1   174   834    6256 
  dut/CPU/lsu/g352599/Y                                    -       A2->Y   R     sky130_fd_sc_hd__o221ai_1      1  3.0   311   221    6477 
  dut/CPU/lsu/mem_reg[166][3]/D                            -       -       R     sky130_fd_sc_hd__dfxtp_1       1    -     -     0    6477 
#------------------------------------------------------------------------------------------------------------------------------------------

(p) : Instance is preserved but may be resized



Path 4: MET (0 ps) Setup Check with Pin dut/CPU/lsu/mem_reg[166][2]/CLK->D
     Startpoint: (R) dut/CPU/EX_MEM/o_alu_data_reg[0]/CLK
          Clock: (R) clk
       Endpoint: (R) dut/CPU/lsu/mem_reg[166][2]/D
          Clock: (R) clk

                     Capture       Launch     
        Clock Edge:+    6667            0     
       Src Latency:+       0            0     
       Net Latency:+       0 (I)        0 (I) 
           Arrival:=    6667            0     
                                              
             Setup:-     123                  
       Uncertainty:-      67                  
     Required Time:=    6477                  
      Launch Clock:-       0                  
         Data Path:-    6477                  
             Slack:=       0                  

#------------------------------------------------------------------------------------------------------------------------------------------
#                      Timing Point                        Flags    Arc    Edge           Cell             Fanout Load Trans Delay Arrival 
#                                                                                                                 (fF)  (ps)  (ps)   (ps)  
#------------------------------------------------------------------------------------------------------------------------------------------
  dut/CPU/EX_MEM/o_alu_data_reg[0]/CLK                     -       -       R     (arrival)                   2610    -     0     -       0 
  dut/CPU/EX_MEM/o_alu_data_reg[0]/Q                       -       CLK->Q  F     sky130_fd_sc_hd__dfxtp_2       5 17.4    55   321     321 
  dut/CPU/lsu/csa_tree_sub_391_38_rm_assigns_buf_out_0_0/X (p)     A->X    F     sky130_fd_sc_hd__buf_1         8 24.4   144   185     506 
  dut/CPU/lsu/g151403/X                                    -       A->X    F     sky130_fd_sc_hd__clkbuf_1      7 23.9   141   221     727 
  dut/CPU/lsu/inc_add_399_31_11_g215/X                     -       B->X    F     sky130_fd_sc_hd__and2_1        1  4.1    42   201     928 
  dut/CPU/lsu/inc_add_399_31_11_g213/COUT                  -       B->COUT F     sky130_fd_sc_hd__ha_1          1  4.1    49   179    1107 
  dut/CPU/lsu/inc_add_399_31_11_g212/COUT                  -       B->COUT F     sky130_fd_sc_hd__ha_1          1  4.1    49   182    1289 
  dut/CPU/lsu/inc_add_399_31_11_g211/COUT                  -       B->COUT F     sky130_fd_sc_hd__ha_1          1  4.1    50   182    1471 
  dut/CPU/lsu/inc_add_399_31_11_g210/COUT                  -       B->COUT F     sky130_fd_sc_hd__ha_1          1  4.1    49   182    1653 
  dut/CPU/lsu/inc_add_399_31_11_g209/COUT                  -       B->COUT F     sky130_fd_sc_hd__ha_1          1  4.1    49   182    1835 
  dut/CPU/lsu/inc_add_399_31_11_g208/COUT                  -       B->COUT F     sky130_fd_sc_hd__ha_1          1  4.1    49   182    2017 
  dut/CPU/lsu/inc_add_399_31_11_g207/COUT                  -       B->COUT F     sky130_fd_sc_hd__ha_1          1  4.1    49   182    2199 
  dut/CPU/lsu/inc_add_399_31_11_g206/COUT                  -       B->COUT F     sky130_fd_sc_hd__ha_1          1  4.1    49   182    2381 
  dut/CPU/lsu/inc_add_399_31_11_g205/COUT                  -       B->COUT F     sky130_fd_sc_hd__ha_1          1  4.1    49   182    2563 
  dut/CPU/lsu/inc_add_399_31_11_g204/COUT                  -       B->COUT F     sky130_fd_sc_hd__ha_1          1  4.1    49   182    2745 
  dut/CPU/lsu/inc_add_399_31_11_g203/COUT                  -       B->COUT F     sky130_fd_sc_hd__ha_1          1  4.1    49   182    2927 
  dut/CPU/lsu/inc_add_399_31_11_g202/COUT                  -       B->COUT F     sky130_fd_sc_hd__ha_1          1  4.1    49   182    3109 
  dut/CPU/lsu/inc_add_399_31_11_g201/COUT                  -       B->COUT F     sky130_fd_sc_hd__ha_1          1  4.1    49   182    3291 
  dut/CPU/lsu/inc_add_399_31_11_g200/SUM                   -       B->SUM  F     sky130_fd_sc_hd__ha_1          1  3.5    57   272    3564 
  dut/CPU/lsu/g359497/Y                                    -       C->Y    R     sky130_fd_sc_hd__nor3_1        4  9.1   317   256    3820 
  dut/CPU/lsu/g359383/X                                    -       B->X    R     sky130_fd_sc_hd__and3b_1       4  9.2   110   256    4076 
  dut/CPU/lsu/g359105/X                                    -       A->X    R     sky130_fd_sc_hd__and2_0       27 84.1  1158   905    4981 
  dut/CPU/lsu/g355862/Y                                    -       C1->Y   F     sky130_fd_sc_hd__a222oi_1      9 24.3   401   440    5422 
  dut/CPU/lsu/g362873/X                                    -       C->X    F     sky130_fd_sc_hd__or4b_2        8 23.1   174   834    6256 
  dut/CPU/lsu/g352595/Y                                    -       A2->Y   R     sky130_fd_sc_hd__o221ai_1      1  3.0   311   221    6477 
  dut/CPU/lsu/mem_reg[166][2]/D                            -       -       R     sky130_fd_sc_hd__dfxtp_1       1    -     -     0    6477 
#------------------------------------------------------------------------------------------------------------------------------------------

(p) : Instance is preserved but may be resized



Path 5: MET (0 ps) Setup Check with Pin dut/CPU/lsu/mem_reg[166][1]/CLK->D
     Startpoint: (R) dut/CPU/EX_MEM/o_alu_data_reg[0]/CLK
          Clock: (R) clk
       Endpoint: (R) dut/CPU/lsu/mem_reg[166][1]/D
          Clock: (R) clk

                     Capture       Launch     
        Clock Edge:+    6667            0     
       Src Latency:+       0            0     
       Net Latency:+       0 (I)        0 (I) 
           Arrival:=    6667            0     
                                              
             Setup:-     123                  
       Uncertainty:-      67                  
     Required Time:=    6477                  
      Launch Clock:-       0                  
         Data Path:-    6477                  
             Slack:=       0                  

#------------------------------------------------------------------------------------------------------------------------------------------
#                      Timing Point                        Flags    Arc    Edge           Cell             Fanout Load Trans Delay Arrival 
#                                                                                                                 (fF)  (ps)  (ps)   (ps)  
#------------------------------------------------------------------------------------------------------------------------------------------
  dut/CPU/EX_MEM/o_alu_data_reg[0]/CLK                     -       -       R     (arrival)                   2610    -     0     -       0 
  dut/CPU/EX_MEM/o_alu_data_reg[0]/Q                       -       CLK->Q  F     sky130_fd_sc_hd__dfxtp_2       5 17.4    55   321     321 
  dut/CPU/lsu/csa_tree_sub_391_38_rm_assigns_buf_out_0_0/X (p)     A->X    F     sky130_fd_sc_hd__buf_1         8 24.4   144   185     506 
  dut/CPU/lsu/g151403/X                                    -       A->X    F     sky130_fd_sc_hd__clkbuf_1      7 23.9   141   221     727 
  dut/CPU/lsu/inc_add_399_31_11_g215/X                     -       B->X    F     sky130_fd_sc_hd__and2_1        1  4.1    42   201     928 
  dut/CPU/lsu/inc_add_399_31_11_g213/COUT                  -       B->COUT F     sky130_fd_sc_hd__ha_1          1  4.1    49   179    1107 
  dut/CPU/lsu/inc_add_399_31_11_g212/COUT                  -       B->COUT F     sky130_fd_sc_hd__ha_1          1  4.1    49   182    1289 
  dut/CPU/lsu/inc_add_399_31_11_g211/COUT                  -       B->COUT F     sky130_fd_sc_hd__ha_1          1  4.1    50   182    1471 
  dut/CPU/lsu/inc_add_399_31_11_g210/COUT                  -       B->COUT F     sky130_fd_sc_hd__ha_1          1  4.1    49   182    1653 
  dut/CPU/lsu/inc_add_399_31_11_g209/COUT                  -       B->COUT F     sky130_fd_sc_hd__ha_1          1  4.1    49   182    1835 
  dut/CPU/lsu/inc_add_399_31_11_g208/COUT                  -       B->COUT F     sky130_fd_sc_hd__ha_1          1  4.1    49   182    2017 
  dut/CPU/lsu/inc_add_399_31_11_g207/COUT                  -       B->COUT F     sky130_fd_sc_hd__ha_1          1  4.1    49   182    2199 
  dut/CPU/lsu/inc_add_399_31_11_g206/COUT                  -       B->COUT F     sky130_fd_sc_hd__ha_1          1  4.1    49   182    2381 
  dut/CPU/lsu/inc_add_399_31_11_g205/COUT                  -       B->COUT F     sky130_fd_sc_hd__ha_1          1  4.1    49   182    2563 
  dut/CPU/lsu/inc_add_399_31_11_g204/COUT                  -       B->COUT F     sky130_fd_sc_hd__ha_1          1  4.1    49   182    2745 
  dut/CPU/lsu/inc_add_399_31_11_g203/COUT                  -       B->COUT F     sky130_fd_sc_hd__ha_1          1  4.1    49   182    2927 
  dut/CPU/lsu/inc_add_399_31_11_g202/COUT                  -       B->COUT F     sky130_fd_sc_hd__ha_1          1  4.1    49   182    3109 
  dut/CPU/lsu/inc_add_399_31_11_g201/COUT                  -       B->COUT F     sky130_fd_sc_hd__ha_1          1  4.1    49   182    3291 
  dut/CPU/lsu/inc_add_399_31_11_g200/SUM                   -       B->SUM  F     sky130_fd_sc_hd__ha_1          1  3.5    57   272    3564 
  dut/CPU/lsu/g359497/Y                                    -       C->Y    R     sky130_fd_sc_hd__nor3_1        4  9.1   317   256    3820 
  dut/CPU/lsu/g359383/X                                    -       B->X    R     sky130_fd_sc_hd__and3b_1       4  9.2   110   256    4076 
  dut/CPU/lsu/g359105/X                                    -       A->X    R     sky130_fd_sc_hd__and2_0       27 84.1  1158   905    4981 
  dut/CPU/lsu/g355862/Y                                    -       C1->Y   F     sky130_fd_sc_hd__a222oi_1      9 24.3   401   440    5422 
  dut/CPU/lsu/g362873/X                                    -       C->X    F     sky130_fd_sc_hd__or4b_2        8 23.1   174   834    6256 
  dut/CPU/lsu/g352591/Y                                    -       A2->Y   R     sky130_fd_sc_hd__o221ai_1      1  3.0   311   221    6477 
  dut/CPU/lsu/mem_reg[166][1]/D                            -       -       R     sky130_fd_sc_hd__dfxtp_1       1    -     -     0    6477 
#------------------------------------------------------------------------------------------------------------------------------------------

(p) : Instance is preserved but may be resized



Path 6: MET (0 ps) Setup Check with Pin dut/CPU/lsu/mem_reg[162][4]/CLK->D
     Startpoint: (R) dut/CPU/EX_MEM/o_alu_data_reg[0]/CLK
          Clock: (R) clk
       Endpoint: (R) dut/CPU/lsu/mem_reg[162][4]/D
          Clock: (R) clk

                     Capture       Launch     
        Clock Edge:+    6667            0     
       Src Latency:+       0            0     
       Net Latency:+       0 (I)        0 (I) 
           Arrival:=    6667            0     
                                              
             Setup:-     123                  
       Uncertainty:-      67                  
     Required Time:=    6477                  
      Launch Clock:-       0                  
         Data Path:-    6477                  
             Slack:=       0                  

#------------------------------------------------------------------------------------------------------------------------------------------
#                      Timing Point                        Flags    Arc    Edge           Cell             Fanout Load Trans Delay Arrival 
#                                                                                                                 (fF)  (ps)  (ps)   (ps)  
#------------------------------------------------------------------------------------------------------------------------------------------
  dut/CPU/EX_MEM/o_alu_data_reg[0]/CLK                     -       -       R     (arrival)                   2610    -     0     -       0 
  dut/CPU/EX_MEM/o_alu_data_reg[0]/Q                       -       CLK->Q  F     sky130_fd_sc_hd__dfxtp_2       5 17.4    55   321     321 
  dut/CPU/lsu/csa_tree_sub_391_38_rm_assigns_buf_out_0_0/X (p)     A->X    F     sky130_fd_sc_hd__buf_1         8 24.4   144   185     506 
  dut/CPU/lsu/g151403/X                                    -       A->X    F     sky130_fd_sc_hd__clkbuf_1      7 23.9   141   221     727 
  dut/CPU/lsu/inc_add_399_31_11_g215/X                     -       B->X    F     sky130_fd_sc_hd__and2_1        1  4.1    42   201     928 
  dut/CPU/lsu/inc_add_399_31_11_g213/COUT                  -       B->COUT F     sky130_fd_sc_hd__ha_1          1  4.1    49   179    1107 
  dut/CPU/lsu/inc_add_399_31_11_g212/COUT                  -       B->COUT F     sky130_fd_sc_hd__ha_1          1  4.1    49   182    1289 
  dut/CPU/lsu/inc_add_399_31_11_g211/COUT                  -       B->COUT F     sky130_fd_sc_hd__ha_1          1  4.1    50   182    1471 
  dut/CPU/lsu/inc_add_399_31_11_g210/COUT                  -       B->COUT F     sky130_fd_sc_hd__ha_1          1  4.1    49   182    1653 
  dut/CPU/lsu/inc_add_399_31_11_g209/COUT                  -       B->COUT F     sky130_fd_sc_hd__ha_1          1  4.1    49   182    1835 
  dut/CPU/lsu/inc_add_399_31_11_g208/COUT                  -       B->COUT F     sky130_fd_sc_hd__ha_1          1  4.1    49   182    2017 
  dut/CPU/lsu/inc_add_399_31_11_g207/COUT                  -       B->COUT F     sky130_fd_sc_hd__ha_1          1  4.1    49   182    2199 
  dut/CPU/lsu/inc_add_399_31_11_g206/COUT                  -       B->COUT F     sky130_fd_sc_hd__ha_1          1  4.1    49   182    2381 
  dut/CPU/lsu/inc_add_399_31_11_g205/COUT                  -       B->COUT F     sky130_fd_sc_hd__ha_1          1  4.1    49   182    2563 
  dut/CPU/lsu/inc_add_399_31_11_g204/COUT                  -       B->COUT F     sky130_fd_sc_hd__ha_1          1  4.1    49   182    2745 
  dut/CPU/lsu/inc_add_399_31_11_g203/COUT                  -       B->COUT F     sky130_fd_sc_hd__ha_1          1  4.1    49   182    2927 
  dut/CPU/lsu/inc_add_399_31_11_g202/COUT                  -       B->COUT F     sky130_fd_sc_hd__ha_1          1  4.1    49   182    3109 
  dut/CPU/lsu/inc_add_399_31_11_g201/COUT                  -       B->COUT F     sky130_fd_sc_hd__ha_1          1  4.1    49   182    3291 
  dut/CPU/lsu/inc_add_399_31_11_g200/SUM                   -       B->SUM  F     sky130_fd_sc_hd__ha_1          1  3.5    57   272    3564 
  dut/CPU/lsu/g359497/Y                                    -       C->Y    R     sky130_fd_sc_hd__nor3_1        4  9.1   317   256    3820 
  dut/CPU/lsu/g359383/X                                    -       B->X    R     sky130_fd_sc_hd__and3b_1       4  9.2   110   256    4076 
  dut/CPU/lsu/g359105/X                                    -       A->X    R     sky130_fd_sc_hd__and2_0       27 84.1  1158   905    4981 
  dut/CPU/lsu/g355772/Y                                    -       C1->Y   F     sky130_fd_sc_hd__a222oi_1      9 24.3   401   440    5422 
  dut/CPU/lsu/g362797/X                                    -       C->X    F     sky130_fd_sc_hd__or4b_2        8 23.1   174   834    6256 
  dut/CPU/lsu/g352512/Y                                    -       A2->Y   R     sky130_fd_sc_hd__o221ai_1      1  3.0   311   221    6477 
  dut/CPU/lsu/mem_reg[162][4]/D                            -       -       R     sky130_fd_sc_hd__dfxtp_1       1    -     -     0    6477 
#------------------------------------------------------------------------------------------------------------------------------------------

(p) : Instance is preserved but may be resized



Path 7: MET (0 ps) Setup Check with Pin dut/CPU/lsu/mem_reg[162][2]/CLK->D
     Startpoint: (R) dut/CPU/EX_MEM/o_alu_data_reg[0]/CLK
          Clock: (R) clk
       Endpoint: (R) dut/CPU/lsu/mem_reg[162][2]/D
          Clock: (R) clk

                     Capture       Launch     
        Clock Edge:+    6667            0     
       Src Latency:+       0            0     
       Net Latency:+       0 (I)        0 (I) 
           Arrival:=    6667            0     
                                              
             Setup:-     123                  
       Uncertainty:-      67                  
     Required Time:=    6477                  
      Launch Clock:-       0                  
         Data Path:-    6477                  
             Slack:=       0                  

#------------------------------------------------------------------------------------------------------------------------------------------
#                      Timing Point                        Flags    Arc    Edge           Cell             Fanout Load Trans Delay Arrival 
#                                                                                                                 (fF)  (ps)  (ps)   (ps)  
#------------------------------------------------------------------------------------------------------------------------------------------
  dut/CPU/EX_MEM/o_alu_data_reg[0]/CLK                     -       -       R     (arrival)                   2610    -     0     -       0 
  dut/CPU/EX_MEM/o_alu_data_reg[0]/Q                       -       CLK->Q  F     sky130_fd_sc_hd__dfxtp_2       5 17.4    55   321     321 
  dut/CPU/lsu/csa_tree_sub_391_38_rm_assigns_buf_out_0_0/X (p)     A->X    F     sky130_fd_sc_hd__buf_1         8 24.4   144   185     506 
  dut/CPU/lsu/g151403/X                                    -       A->X    F     sky130_fd_sc_hd__clkbuf_1      7 23.9   141   221     727 
  dut/CPU/lsu/inc_add_399_31_11_g215/X                     -       B->X    F     sky130_fd_sc_hd__and2_1        1  4.1    42   201     928 
  dut/CPU/lsu/inc_add_399_31_11_g213/COUT                  -       B->COUT F     sky130_fd_sc_hd__ha_1          1  4.1    49   179    1107 
  dut/CPU/lsu/inc_add_399_31_11_g212/COUT                  -       B->COUT F     sky130_fd_sc_hd__ha_1          1  4.1    49   182    1289 
  dut/CPU/lsu/inc_add_399_31_11_g211/COUT                  -       B->COUT F     sky130_fd_sc_hd__ha_1          1  4.1    50   182    1471 
  dut/CPU/lsu/inc_add_399_31_11_g210/COUT                  -       B->COUT F     sky130_fd_sc_hd__ha_1          1  4.1    49   182    1653 
  dut/CPU/lsu/inc_add_399_31_11_g209/COUT                  -       B->COUT F     sky130_fd_sc_hd__ha_1          1  4.1    49   182    1835 
  dut/CPU/lsu/inc_add_399_31_11_g208/COUT                  -       B->COUT F     sky130_fd_sc_hd__ha_1          1  4.1    49   182    2017 
  dut/CPU/lsu/inc_add_399_31_11_g207/COUT                  -       B->COUT F     sky130_fd_sc_hd__ha_1          1  4.1    49   182    2199 
  dut/CPU/lsu/inc_add_399_31_11_g206/COUT                  -       B->COUT F     sky130_fd_sc_hd__ha_1          1  4.1    49   182    2381 
  dut/CPU/lsu/inc_add_399_31_11_g205/COUT                  -       B->COUT F     sky130_fd_sc_hd__ha_1          1  4.1    49   182    2563 
  dut/CPU/lsu/inc_add_399_31_11_g204/COUT                  -       B->COUT F     sky130_fd_sc_hd__ha_1          1  4.1    49   182    2745 
  dut/CPU/lsu/inc_add_399_31_11_g203/COUT                  -       B->COUT F     sky130_fd_sc_hd__ha_1          1  4.1    49   182    2927 
  dut/CPU/lsu/inc_add_399_31_11_g202/COUT                  -       B->COUT F     sky130_fd_sc_hd__ha_1          1  4.1    49   182    3109 
  dut/CPU/lsu/inc_add_399_31_11_g201/COUT                  -       B->COUT F     sky130_fd_sc_hd__ha_1          1  4.1    49   182    3291 
  dut/CPU/lsu/inc_add_399_31_11_g200/SUM                   -       B->SUM  F     sky130_fd_sc_hd__ha_1          1  3.5    57   272    3564 
  dut/CPU/lsu/g359497/Y                                    -       C->Y    R     sky130_fd_sc_hd__nor3_1        4  9.1   317   256    3820 
  dut/CPU/lsu/g359383/X                                    -       B->X    R     sky130_fd_sc_hd__and3b_1       4  9.2   110   256    4076 
  dut/CPU/lsu/g359105/X                                    -       A->X    R     sky130_fd_sc_hd__and2_0       27 84.1  1158   905    4981 
  dut/CPU/lsu/g355772/Y                                    -       C1->Y   F     sky130_fd_sc_hd__a222oi_1      9 24.3   401   440    5422 
  dut/CPU/lsu/g362797/X                                    -       C->X    F     sky130_fd_sc_hd__or4b_2        8 23.1   174   834    6256 
  dut/CPU/lsu/g352505/Y                                    -       A2->Y   R     sky130_fd_sc_hd__o221ai_1      1  3.0   311   221    6477 
  dut/CPU/lsu/mem_reg[162][2]/D                            -       -       R     sky130_fd_sc_hd__dfxtp_1       1    -     -     0    6477 
#------------------------------------------------------------------------------------------------------------------------------------------

(p) : Instance is preserved but may be resized



Path 8: MET (0 ps) Setup Check with Pin dut/CPU/lsu/mem_reg[162][1]/CLK->D
     Startpoint: (R) dut/CPU/EX_MEM/o_alu_data_reg[0]/CLK
          Clock: (R) clk
       Endpoint: (R) dut/CPU/lsu/mem_reg[162][1]/D
          Clock: (R) clk

                     Capture       Launch     
        Clock Edge:+    6667            0     
       Src Latency:+       0            0     
       Net Latency:+       0 (I)        0 (I) 
           Arrival:=    6667            0     
                                              
             Setup:-     123                  
       Uncertainty:-      67                  
     Required Time:=    6477                  
      Launch Clock:-       0                  
         Data Path:-    6477                  
             Slack:=       0                  

#------------------------------------------------------------------------------------------------------------------------------------------
#                      Timing Point                        Flags    Arc    Edge           Cell             Fanout Load Trans Delay Arrival 
#                                                                                                                 (fF)  (ps)  (ps)   (ps)  
#------------------------------------------------------------------------------------------------------------------------------------------
  dut/CPU/EX_MEM/o_alu_data_reg[0]/CLK                     -       -       R     (arrival)                   2610    -     0     -       0 
  dut/CPU/EX_MEM/o_alu_data_reg[0]/Q                       -       CLK->Q  F     sky130_fd_sc_hd__dfxtp_2       5 17.4    55   321     321 
  dut/CPU/lsu/csa_tree_sub_391_38_rm_assigns_buf_out_0_0/X (p)     A->X    F     sky130_fd_sc_hd__buf_1         8 24.4   144   185     506 
  dut/CPU/lsu/g151403/X                                    -       A->X    F     sky130_fd_sc_hd__clkbuf_1      7 23.9   141   221     727 
  dut/CPU/lsu/inc_add_399_31_11_g215/X                     -       B->X    F     sky130_fd_sc_hd__and2_1        1  4.1    42   201     928 
  dut/CPU/lsu/inc_add_399_31_11_g213/COUT                  -       B->COUT F     sky130_fd_sc_hd__ha_1          1  4.1    49   179    1107 
  dut/CPU/lsu/inc_add_399_31_11_g212/COUT                  -       B->COUT F     sky130_fd_sc_hd__ha_1          1  4.1    49   182    1289 
  dut/CPU/lsu/inc_add_399_31_11_g211/COUT                  -       B->COUT F     sky130_fd_sc_hd__ha_1          1  4.1    50   182    1471 
  dut/CPU/lsu/inc_add_399_31_11_g210/COUT                  -       B->COUT F     sky130_fd_sc_hd__ha_1          1  4.1    49   182    1653 
  dut/CPU/lsu/inc_add_399_31_11_g209/COUT                  -       B->COUT F     sky130_fd_sc_hd__ha_1          1  4.1    49   182    1835 
  dut/CPU/lsu/inc_add_399_31_11_g208/COUT                  -       B->COUT F     sky130_fd_sc_hd__ha_1          1  4.1    49   182    2017 
  dut/CPU/lsu/inc_add_399_31_11_g207/COUT                  -       B->COUT F     sky130_fd_sc_hd__ha_1          1  4.1    49   182    2199 
  dut/CPU/lsu/inc_add_399_31_11_g206/COUT                  -       B->COUT F     sky130_fd_sc_hd__ha_1          1  4.1    49   182    2381 
  dut/CPU/lsu/inc_add_399_31_11_g205/COUT                  -       B->COUT F     sky130_fd_sc_hd__ha_1          1  4.1    49   182    2563 
  dut/CPU/lsu/inc_add_399_31_11_g204/COUT                  -       B->COUT F     sky130_fd_sc_hd__ha_1          1  4.1    49   182    2745 
  dut/CPU/lsu/inc_add_399_31_11_g203/COUT                  -       B->COUT F     sky130_fd_sc_hd__ha_1          1  4.1    49   182    2927 
  dut/CPU/lsu/inc_add_399_31_11_g202/COUT                  -       B->COUT F     sky130_fd_sc_hd__ha_1          1  4.1    49   182    3109 
  dut/CPU/lsu/inc_add_399_31_11_g201/COUT                  -       B->COUT F     sky130_fd_sc_hd__ha_1          1  4.1    49   182    3291 
  dut/CPU/lsu/inc_add_399_31_11_g200/SUM                   -       B->SUM  F     sky130_fd_sc_hd__ha_1          1  3.5    57   272    3564 
  dut/CPU/lsu/g359497/Y                                    -       C->Y    R     sky130_fd_sc_hd__nor3_1        4  9.1   317   256    3820 
  dut/CPU/lsu/g359383/X                                    -       B->X    R     sky130_fd_sc_hd__and3b_1       4  9.2   110   256    4076 
  dut/CPU/lsu/g359105/X                                    -       A->X    R     sky130_fd_sc_hd__and2_0       27 84.1  1158   905    4981 
  dut/CPU/lsu/g355772/Y                                    -       C1->Y   F     sky130_fd_sc_hd__a222oi_1      9 24.3   401   440    5422 
  dut/CPU/lsu/g362797/X                                    -       C->X    F     sky130_fd_sc_hd__or4b_2        8 23.1   174   834    6256 
  dut/CPU/lsu/g352501/Y                                    -       A2->Y   R     sky130_fd_sc_hd__o221ai_1      1  3.0   311   221    6477 
  dut/CPU/lsu/mem_reg[162][1]/D                            -       -       R     sky130_fd_sc_hd__dfxtp_1       1    -     -     0    6477 
#------------------------------------------------------------------------------------------------------------------------------------------

(p) : Instance is preserved but may be resized



Path 9: MET (0 ps) Setup Check with Pin dut/CPU/lsu/mem_reg[160][3]/CLK->D
     Startpoint: (R) dut/CPU/EX_MEM/o_alu_data_reg[0]/CLK
          Clock: (R) clk
       Endpoint: (R) dut/CPU/lsu/mem_reg[160][3]/D
          Clock: (R) clk

                     Capture       Launch     
        Clock Edge:+    6667            0     
       Src Latency:+       0            0     
       Net Latency:+       0 (I)        0 (I) 
           Arrival:=    6667            0     
                                              
             Setup:-     123                  
       Uncertainty:-      67                  
     Required Time:=    6477                  
      Launch Clock:-       0                  
         Data Path:-    6477                  
             Slack:=       0                  

#------------------------------------------------------------------------------------------------------------------------------------------
#                      Timing Point                        Flags    Arc    Edge           Cell             Fanout Load Trans Delay Arrival 
#                                                                                                                 (fF)  (ps)  (ps)   (ps)  
#------------------------------------------------------------------------------------------------------------------------------------------
  dut/CPU/EX_MEM/o_alu_data_reg[0]/CLK                     -       -       R     (arrival)                   2610    -     0     -       0 
  dut/CPU/EX_MEM/o_alu_data_reg[0]/Q                       -       CLK->Q  F     sky130_fd_sc_hd__dfxtp_2       5 17.4    55   321     321 
  dut/CPU/lsu/csa_tree_sub_391_38_rm_assigns_buf_out_0_0/X (p)     A->X    F     sky130_fd_sc_hd__buf_1         8 24.4   144   185     506 
  dut/CPU/lsu/g151403/X                                    -       A->X    F     sky130_fd_sc_hd__clkbuf_1      7 23.9   141   221     727 
  dut/CPU/lsu/inc_add_399_31_11_g215/X                     -       B->X    F     sky130_fd_sc_hd__and2_1        1  4.1    42   201     928 
  dut/CPU/lsu/inc_add_399_31_11_g213/COUT                  -       B->COUT F     sky130_fd_sc_hd__ha_1          1  4.1    49   179    1107 
  dut/CPU/lsu/inc_add_399_31_11_g212/COUT                  -       B->COUT F     sky130_fd_sc_hd__ha_1          1  4.1    49   182    1289 
  dut/CPU/lsu/inc_add_399_31_11_g211/COUT                  -       B->COUT F     sky130_fd_sc_hd__ha_1          1  4.1    50   182    1471 
  dut/CPU/lsu/inc_add_399_31_11_g210/COUT                  -       B->COUT F     sky130_fd_sc_hd__ha_1          1  4.1    49   182    1653 
  dut/CPU/lsu/inc_add_399_31_11_g209/COUT                  -       B->COUT F     sky130_fd_sc_hd__ha_1          1  4.1    49   182    1835 
  dut/CPU/lsu/inc_add_399_31_11_g208/COUT                  -       B->COUT F     sky130_fd_sc_hd__ha_1          1  4.1    49   182    2017 
  dut/CPU/lsu/inc_add_399_31_11_g207/COUT                  -       B->COUT F     sky130_fd_sc_hd__ha_1          1  4.1    49   182    2199 
  dut/CPU/lsu/inc_add_399_31_11_g206/COUT                  -       B->COUT F     sky130_fd_sc_hd__ha_1          1  4.1    49   182    2381 
  dut/CPU/lsu/inc_add_399_31_11_g205/COUT                  -       B->COUT F     sky130_fd_sc_hd__ha_1          1  4.1    49   182    2563 
  dut/CPU/lsu/inc_add_399_31_11_g204/COUT                  -       B->COUT F     sky130_fd_sc_hd__ha_1          1  4.1    49   182    2745 
  dut/CPU/lsu/inc_add_399_31_11_g203/COUT                  -       B->COUT F     sky130_fd_sc_hd__ha_1          1  4.1    49   182    2927 
  dut/CPU/lsu/inc_add_399_31_11_g202/COUT                  -       B->COUT F     sky130_fd_sc_hd__ha_1          1  4.1    49   182    3109 
  dut/CPU/lsu/inc_add_399_31_11_g201/COUT                  -       B->COUT F     sky130_fd_sc_hd__ha_1          1  4.1    49   182    3291 
  dut/CPU/lsu/inc_add_399_31_11_g200/SUM                   -       B->SUM  F     sky130_fd_sc_hd__ha_1          1  3.5    57   272    3564 
  dut/CPU/lsu/g359497/Y                                    -       C->Y    R     sky130_fd_sc_hd__nor3_1        4  9.1   317   256    3820 
  dut/CPU/lsu/g359383/X                                    -       B->X    R     sky130_fd_sc_hd__and3b_1       4  9.2   110   256    4076 
  dut/CPU/lsu/g359105/X                                    -       A->X    R     sky130_fd_sc_hd__and2_0       27 84.1  1158   905    4981 
  dut/CPU/lsu/g355837/Y                                    -       C1->Y   F     sky130_fd_sc_hd__a222oi_1      9 24.3   401   440    5422 
  dut/CPU/lsu/g362731/X                                    -       C->X    F     sky130_fd_sc_hd__or4b_2        8 23.1   174   834    6256 
  dut/CPU/lsu/g352460/Y                                    -       A2->Y   R     sky130_fd_sc_hd__o221ai_1      1  3.0   311   221    6477 
  dut/CPU/lsu/mem_reg[160][3]/D                            -       -       R     sky130_fd_sc_hd__dfxtp_1       1    -     -     0    6477 
#------------------------------------------------------------------------------------------------------------------------------------------

(p) : Instance is preserved but may be resized



Path 10: MET (0 ps) Setup Check with Pin dut/CPU/lsu/mem_reg[160][2]/CLK->D
     Startpoint: (R) dut/CPU/EX_MEM/o_alu_data_reg[0]/CLK
          Clock: (R) clk
       Endpoint: (R) dut/CPU/lsu/mem_reg[160][2]/D
          Clock: (R) clk

                     Capture       Launch     
        Clock Edge:+    6667            0     
       Src Latency:+       0            0     
       Net Latency:+       0 (I)        0 (I) 
           Arrival:=    6667            0     
                                              
             Setup:-     123                  
       Uncertainty:-      67                  
     Required Time:=    6477                  
      Launch Clock:-       0                  
         Data Path:-    6477                  
             Slack:=       0                  

#------------------------------------------------------------------------------------------------------------------------------------------
#                      Timing Point                        Flags    Arc    Edge           Cell             Fanout Load Trans Delay Arrival 
#                                                                                                                 (fF)  (ps)  (ps)   (ps)  
#------------------------------------------------------------------------------------------------------------------------------------------
  dut/CPU/EX_MEM/o_alu_data_reg[0]/CLK                     -       -       R     (arrival)                   2610    -     0     -       0 
  dut/CPU/EX_MEM/o_alu_data_reg[0]/Q                       -       CLK->Q  F     sky130_fd_sc_hd__dfxtp_2       5 17.4    55   321     321 
  dut/CPU/lsu/csa_tree_sub_391_38_rm_assigns_buf_out_0_0/X (p)     A->X    F     sky130_fd_sc_hd__buf_1         8 24.4   144   185     506 
  dut/CPU/lsu/g151403/X                                    -       A->X    F     sky130_fd_sc_hd__clkbuf_1      7 23.9   141   221     727 
  dut/CPU/lsu/inc_add_399_31_11_g215/X                     -       B->X    F     sky130_fd_sc_hd__and2_1        1  4.1    42   201     928 
  dut/CPU/lsu/inc_add_399_31_11_g213/COUT                  -       B->COUT F     sky130_fd_sc_hd__ha_1          1  4.1    49   179    1107 
  dut/CPU/lsu/inc_add_399_31_11_g212/COUT                  -       B->COUT F     sky130_fd_sc_hd__ha_1          1  4.1    49   182    1289 
  dut/CPU/lsu/inc_add_399_31_11_g211/COUT                  -       B->COUT F     sky130_fd_sc_hd__ha_1          1  4.1    50   182    1471 
  dut/CPU/lsu/inc_add_399_31_11_g210/COUT                  -       B->COUT F     sky130_fd_sc_hd__ha_1          1  4.1    49   182    1653 
  dut/CPU/lsu/inc_add_399_31_11_g209/COUT                  -       B->COUT F     sky130_fd_sc_hd__ha_1          1  4.1    49   182    1835 
  dut/CPU/lsu/inc_add_399_31_11_g208/COUT                  -       B->COUT F     sky130_fd_sc_hd__ha_1          1  4.1    49   182    2017 
  dut/CPU/lsu/inc_add_399_31_11_g207/COUT                  -       B->COUT F     sky130_fd_sc_hd__ha_1          1  4.1    49   182    2199 
  dut/CPU/lsu/inc_add_399_31_11_g206/COUT                  -       B->COUT F     sky130_fd_sc_hd__ha_1          1  4.1    49   182    2381 
  dut/CPU/lsu/inc_add_399_31_11_g205/COUT                  -       B->COUT F     sky130_fd_sc_hd__ha_1          1  4.1    49   182    2563 
  dut/CPU/lsu/inc_add_399_31_11_g204/COUT                  -       B->COUT F     sky130_fd_sc_hd__ha_1          1  4.1    49   182    2745 
  dut/CPU/lsu/inc_add_399_31_11_g203/COUT                  -       B->COUT F     sky130_fd_sc_hd__ha_1          1  4.1    49   182    2927 
  dut/CPU/lsu/inc_add_399_31_11_g202/COUT                  -       B->COUT F     sky130_fd_sc_hd__ha_1          1  4.1    49   182    3109 
  dut/CPU/lsu/inc_add_399_31_11_g201/COUT                  -       B->COUT F     sky130_fd_sc_hd__ha_1          1  4.1    49   182    3291 
  dut/CPU/lsu/inc_add_399_31_11_g200/SUM                   -       B->SUM  F     sky130_fd_sc_hd__ha_1          1  3.5    57   272    3564 
  dut/CPU/lsu/g359497/Y                                    -       C->Y    R     sky130_fd_sc_hd__nor3_1        4  9.1   317   256    3820 
  dut/CPU/lsu/g359383/X                                    -       B->X    R     sky130_fd_sc_hd__and3b_1       4  9.2   110   256    4076 
  dut/CPU/lsu/g359105/X                                    -       A->X    R     sky130_fd_sc_hd__and2_0       27 84.1  1158   905    4981 
  dut/CPU/lsu/g355837/Y                                    -       C1->Y   F     sky130_fd_sc_hd__a222oi_1      9 24.3   401   440    5422 
  dut/CPU/lsu/g362731/X                                    -       C->X    F     sky130_fd_sc_hd__or4b_2        8 23.1   174   834    6256 
  dut/CPU/lsu/g352461/Y                                    -       A2->Y   R     sky130_fd_sc_hd__o221ai_1      1  3.0   311   221    6477 
  dut/CPU/lsu/mem_reg[160][2]/D                            -       -       R     sky130_fd_sc_hd__dfxtp_1       1    -     -     0    6477 
#------------------------------------------------------------------------------------------------------------------------------------------

(p) : Instance is preserved but may be resized

