============================================================
  Generated by:           Genus(TM) Synthesis Solution GENUS15.20 - 15.20-p004_1
  Generated on:           Nov 25 2025  02:44:10 am
  Module:                 wrapper_processor
  Interconnect mode:      global
  Area mode:              timing library
============================================================

 
  Hierarchy Report Format : 
 
    level instance ( module ) <status>
 
    status :    preserve_<value> -- indicating preserve hierachy or inherited_preserve value
           :    blackbox --  indicating  unresolved instance
 
==================================================================

 0 wrapper_processor
  1 dut ( processor ) 
     2 CPU ( pipelined ) 
        3 AM ( apb_master ) 
        3 CSR ( CSR ) 
        3 EX_MEM ( EX_MEM ) 
        3 ID_EX ( ID_EX ) 
        3 IF_ID ( IF_ID ) 
        3 IMEM ( IMEM ) 
        3 MC ( machine_controller ) 
        3 MEM_WB ( MEM_WB ) 
        3 PC ( PC ) 
        3 PCNEXT ( PCNEXT ) 
        3 bp ( branch_predictor ) 
        3 lsu ( lsu ) 
        3 pc_intr ( pc_intr ) 
        3 regfile ( regfile ) 
     2 plic ( interrupt_controller ) 
        3 apb_protocol ( apb_rw ) 
        3 int_sense ( int_sensing ) 
           4 IRQ0_detector ( edge_detection ) 
           4 IRQ1_detector ( edge_detection_1447 ) 
           4 IRQ2_detector ( edge_detection_1446 ) 
           4 IRQ3_detector ( edge_detection_1445 ) 
           4 IRQ4_detector ( edge_detection_1444 ) 
           4 IRQ5_detector ( edge_detection_1443 ) 
           4 IRQ6_detector ( edge_detection_1442 ) 
           4 IRQ7_detector ( edge_detection_1441 ) 
        3 prio_deter ( prio_deter ) 
     2 timer ( timer ) 
        3 compare_module ( compare ) 
        3 counter_module ( counter ) 
        3 reg_control ( rw_control ) 
        3 sys_clk ( clk_sel ) 
     2 uart ( APB_UART_top ) 
        3 apb_interface ( APB_Interface ) 
        3 bclk_gen ( BCLK_Generator ) 
        3 uart_rx ( uart_receiver ) 
        3 uart_tx ( uart_transmitter ) 
