============================================================
  Generated by:           Genus(TM) Synthesis Solution GENUS15.20 - 15.20-p004_1
  Generated on:           Nov 25 2025  02:44:20 am
  Module:                 wrapper_processor
  Interconnect mode:      global
  Area mode:              timing library
============================================================

       Instance        Cells  Cell Area  Net Area  Total Area 
--------------------------------------------------------------
wrapper_processor      60769     718492    422087     1140579 
  dut                  60581     713787    419424     1133211 
    CPU                58629     687812    407490     1095303 
      lsu              24029     238854    173922      412777 
      IMEM             20541     220363    133715      354077 
      bp                6679     137915     41925      179840 
      regfile           2420      42474     16729       59203 
      CSR                578       6031      3133        9164 
      ID_EX              467       6710      1552        8262 
      AM                 411       3523      1723        5247 
      PCNEXT             265       2888      1390        4278 
      EX_MEM             156       3402       146        3548 
      IF_ID              199       2839       654        3493 
      MEM_WB             110       2870         3        2874 
      pc_intr             71       1446       238        1685 
      PC                  33       1005         5        1010 
      MC                  34        274       116         390 
    uart                 866      11821      5257       17079 
      uart_rx            499       7457      3219       10676 
      apb_interface      156       1921       656        2576 
      bclk_gen           110       1240       550        1790 
      uart_tx            101       1204       558        1762 
    plic                 574       7727      3069       10796 
      apb_protocol       405       5981      1891        7872 
      prio_deter         125       1124       576        1700 
      int_sense           44        623       147         770 
        IRQ4_detector      4         48         0          48 
        IRQ3_detector      4         48         0          48 
        IRQ2_detector      4         48         0          48 
        IRQ1_detector      4         48         0          48 
        IRQ0_detector      4         48         0          48 
    timer                508       6405      2731        9136 
      counter_module     269       3176      1066        4242 
      reg_control        176       2688       555        3242 
      compare_module      50        352       163         514 
      sys_clk             12        184        30         214 
